<?xml version="1.0" encoding="UTF-8"?>
<!-- Generated by org.testng.reporters.JUnitXMLReporter -->
<testsuite ignored="0" hostname="santoshs-MacBook-Air.local" failures="1" tests="2" name="Test" time="23.104" errors="0" timestamp="01 Nov 2021 15:32:34 GMT">
  <testcase classname="suite.Test_01_LogoPresetInLoginPage" name="loginScript" time="3.372"/>
  <testcase classname="suite.Test_02_TestForUsernameRequiredErrorMessage" name="loginScript" time="1.307">
    <failure type="java.lang.AssertionError" message="expected [true] but found [false]">
      <![CDATA[java.lang.AssertionError: expected [true] but found [false]
at suite.Test_02_TestForUsernameRequiredErrorMessage.loginScript(Test_02_TestForUsernameRequiredErrorMessage.java:23)
... Removed 29 stack frames]]>
    </failure>
  </testcase> <!-- loginScript -->
</testsuite> <!-- Test -->
